
> worksphere-frontend@1.0.0 dev
> vite --host 127.0.0.1 --port 5173


  [32m[1mVITE[22m v6.4.2[39m  [2mready in [0m[1m282[22m[2m[0m ms[22m

  [32m➜[39m  [1mLocal[22m:   [36mhttp://127.0.0.1:[1m5173[22m/[39m
[2m12:32:47 PM[22m [36m[1m[vite][22m[39m [90m[2m(client)[22m[39m [32mhmr update [39m[2m/src/styles/tailwind.css, /src/pages/LoginPage.jsx, /src/pages/TransferPage.jsx, /src/pages/AssignPage.jsx, /src/pages/TransactionsPage.jsx, /src/pages/QrPrintPage.jsx, /src/pages/MaintenancePage.jsx, /src/pages/DashboardPage.jsx, /src/pages/UsersPage.jsx, /src/pages/AssetDetailPage.jsx, /src/pages/AssetsPage.jsx[22m
[2m12:36:12 PM[22m [36m[1m[vite][22m[39m [90m[2m(client)[22m[39m [32mhmr update [39m[2m/src/components/DataTable.jsx, /src/styles/tailwind.css[22m
[2m12:36:12 PM[22m [36m[1m[vite][22m[39m [90m[2m(client)[22m[39m [32mhmr update [39m[2m/src/pages/TransactionsPage.jsx, /src/styles/tailwind.css[22m
[2m12:36:12 PM[22m [36m[1m[vite][22m[39m [90m[2m(client)[22m[39m [32mpage reload [39m[2msrc/main.jsx[22m
[2m12:38:12 PM[22m [36m[1m[vite][22m[39m [90m[2m(client)[22m[39m [32mhmr update [39m[2m/src/pages/AssetDetailPage.jsx, /src/styles/tailwind.css[22m
[2m12:38:12 PM[22m [36m[1m[vite][22m[39m [90m[2m(client)[22m[39m [32mhmr update [39m[2m/src/pages/QrPrintPage.jsx, /src/styles/tailwind.css[22m
[2m1:07:14 PM[22m [36m[1m[vite][22m[39m [90m[2m(client)[22m[39m [32mhmr update [39m[2m/src/pages/AssetsPage.jsx, /src/styles/tailwind.css[22m
[2m1:07:29 PM[22m [36m[1m[vite][22m[39m [90m[2m(client)[22m[39m [32mhmr update [39m[2m/src/pages/AssetDetailPage.jsx, /src/styles/tailwind.css[22m
[2m1:07:32 PM[22m [36m[1m[vite][22m[39m [90m[2m(client)[22m[39m [32mhmr update [39m[2m/src/pages/QrPrintPage.jsx, /src/styles/tailwind.css[22m
[2m1:12:36 PM[22m [36m[1m[vite][22m[39m [90m[2m(client)[22m[39m [32mhmr update [39m[2m/src/pages/AssetDetailPage.jsx, /src/styles/tailwind.css[22m
[2m2:15:35 PM[22m [36m[1m[vite][22m[39m [90m[2m(client)[22m[39m [32mhmr update [39m[2m/src/pages/MaintenancePage.jsx, /src/styles/tailwind.css[22m
[2m2:17:57 PM[22m [36m[1m[vite][22m[39m [90m[2m(client)[22m[39m [32mhmr update [39m[2m/src/components/Layout.jsx, /src/styles/tailwind.css[22m
[2m2:18:08 PM[22m [36m[1m[vite][22m[39m [90m[2m(client)[22m[39m [32mhmr update [39m[2m/src/components/Button.jsx, /src/styles/tailwind.css[22m
[2m2:18:14 PM[22m [36m[1m[vite][22m[39m [90m[2m(client)[22m[39m [32mhmr update [39m[2m/src/components/Card.jsx, /src/styles/tailwind.css[22m
[2m2:18:25 PM[22m [36m[1m[vite][22m[39m [90m[2m(client)[22m[39m [32mhmr update [39m[2m/src/components/FormField.jsx, /src/styles/tailwind.css[22m
[2m2:18:33 PM[22m [36m[1m[vite][22m[39m [90m[2m(client)[22m[39m [32mhmr update [39m[2m/src/components/DataTable.jsx, /src/styles/tailwind.css[22m
[2m2:18:45 PM[22m [36m[1m[vite][22m[39m [90m[2m(client)[22m[39m [32mhmr update [39m[2m/src/pages/LoginPage.jsx, /src/styles/tailwind.css[22m
[2m2:18:56 PM[22m [36m[1m[vite][22m[39m [90m[2m(client)[22m[39m [32mhmr update [39m[2m/src/pages/AssetsPage.jsx, /src/styles/tailwind.css[22m
[2m2:19:11 PM[22m [36m[1m[vite][22m[39m [90m[2m(client)[22m[39m [32mhmr update [39m[2m/src/pages/AssetDetailPage.jsx, /src/styles/tailwind.css[22m
[2m2:19:19 PM[22m [36m[1m[vite][22m[39m [90m[2m(client)[22m[39m [32mhmr update [39m[2m/src/pages/MaintenancePage.jsx, /src/styles/tailwind.css[22m
[2m2:19:24 PM[22m [36m[1m[vite][22m[39m [90m[2m(client)[22m[39m [32mhmr update [39m[2m/src/pages/UsersPage.jsx, /src/styles/tailwind.css[22m
[2m2:19:33 PM[22m [36m[1m[vite][22m[39m [90m[2m(client)[22m[39m [32mhmr update [39m[2m/src/pages/QrPrintPage.jsx, /src/styles/tailwind.css[22m
[2m2:21:07 PM[22m [36m[1m[vite][22m[39m [90m[2m(client)[22m[39m [32mhmr update [39m[2m/src/styles/tailwind.css, /src/pages/LoginPage.jsx, /src/pages/MaintenancePage.jsx, /src/pages/UsersPage.jsx, /src/pages/AssetDetailPage.jsx, /src/pages/AssetsPage.jsx, /src/components/Layout.jsx[22m
[2m2:21:12 PM[22m [36m[1m[vite][22m[39m [90m[2m(client)[22m[39m [32mhmr update [39m[2m/src/pages/AssetsPage.jsx, /src/styles/tailwind.css[22m
[2m2:21:16 PM[22m [36m[1m[vite][22m[39m [90m[2m(client)[22m[39m [32mhmr update [39m[2m/src/pages/TransactionsPage.jsx, /src/styles/tailwind.css[22m
[2m2:52:29 PM[22m [36m[1m[vite][22m[39m [90m[2m(client)[22m[39m [32mhmr update [39m[2m/src/pages/AssetsPage.jsx, /src/styles/tailwind.css[22m
[2m3:00:18 PM[22m [36m[1m[vite][22m[39m [90m[2m(client)[22m[39m [32mhmr update [39m[2m/src/styles/tailwind.css, /src/pages/LoginPage.jsx, /src/pages/TransferPage.jsx, /src/pages/AssignPage.jsx, /src/pages/TransactionsPage.jsx, /src/pages/QrPrintPage.jsx, /src/pages/MaintenancePage.jsx, /src/pages/DashboardPage.jsx, /src/pages/UsersPage.jsx, /src/pages/AssetDetailPage.jsx, /src/pages/AssetsPage.jsx[22m
[2m3:34:33 PM[22m [36m[1m[vite][22m[39m [90m[2m(client)[22m[39m [32mhmr update [39m[2m/src/app/App.jsx, /src/styles/tailwind.css[22m
[2m3:34:43 PM[22m [36m[1m[vite][22m[39m [90m[2m(client)[22m[39m [32mhmr update [39m[2m/src/pages/LoginPage.jsx, /src/styles/tailwind.css[22m
[2m3:40:39 PM[22m [36m[1m[vite][22m[39m [90m[2m(client)[22m[39m [32mhmr update [39m[2m/src/styles/tailwind.css, /src/pages/LoginPage.jsx, /src/pages/TransferPage.jsx, /src/pages/AssignPage.jsx, /src/pages/TransactionsPage.jsx, /src/pages/QrPrintPage.jsx, /src/pages/MaintenancePage.jsx, /src/pages/DashboardPage.jsx, /src/pages/UsersPage.jsx, /src/pages/AssetDetailPage.jsx, /src/pages/AssetsPage.jsx[22m
[2m3:40:44 PM[22m [36m[1m[vite][22m[39m [90m[2m(client)[22m[39m [32mhmr update [39m[2m/src/app/App.jsx, /src/styles/tailwind.css[22m
[2m3:40:44 PM[22m [36m[1m[vite][22m[39m [90m[2m(client)[22m[39m [32mhmr update [39m[2m/src/pages/LoginPage.jsx, /src/styles/tailwind.css[22m
[2m3:40:47 PM[22m [36m[1m[vite][22m[39m [90m[2m(client)[22m[39m [32mhmr update [39m[2m/src/pages/AssetsPage.jsx, /src/styles/tailwind.css[22m
[2m3:57:52 PM[22m [36m[1m[vite][22m[39m [32mvite.config.js changed, restarting server...[39m
[2m3:57:52 PM[22m [36m[1m[vite][22m[39m server restarted.
[2m3:59:24 PM[22m [36m[1m[vite][22m[39m [32mvite.config.js changed, restarting server...[39m
[2m3:59:24 PM[22m [36m[1m[vite][22m[39m server restarted.
